[2025-08-06 14:20:08] local.ERROR: include(C:\Users\HP\Herd\david_heizt\vendor\composer/../namu/wirechat/src/WireChatServiceProvider.php): Failed to open stream: No such file or directory {"exception":"[object] (ErrorException(code: 0): include(C:\\Users\\HP\\Herd\\david_heizt\\vendor\\composer/../namu/wirechat/src/WireChatServiceProvider.php): Failed to open stream: No such file or directory at C:\\Users\\HP\\Herd\\david_heizt\\vendor\\composer\\ClassLoader.php:576)
[stacktrace]
#0 C:\\Users\\HP\\Herd\\david_heizt\\vendor\\laravel\\framework\\src\\Illuminate\\Foundation\\Bootstrap\\HandleExceptions.php(290): Illuminate\\Foundation\\Bootstrap\\HandleExceptions->handleError(2, 'include(C:\\\\User...', 'C:\\\\Users\\\\HP\\\\Her...', 576)
#1 C:\\Users\\HP\\Herd\\david_heizt\\vendor\\composer\\ClassLoader.php(576): Illuminate\\Foundation\\Bootstrap\\HandleExceptions->{closure:Illuminate\\Foundation\\Bootstrap\\HandleExceptions::forwardsTo():289}(2, 'include(C:\\\\User...', 'C:\\\\Users\\\\HP\\\\Her...', 576)
#2 C:\\Users\\HP\\Herd\\david_heizt\\vendor\\composer\\ClassLoader.php(576): include('C:\\\\Users\\\\HP\\\\Her...')
#3 C:\\Users\\HP\\Herd\\david_heizt\\vendor\\composer\\ClassLoader.php(427): {closure:Composer\\Autoload\\ClassLoader::initializeIncludeClosure():575}('C:\\\\Users\\\\HP\\\\Her...')
#4 C:\\Users\\HP\\Herd\\david_heizt\\vendor\\laravel\\framework\\src\\Illuminate\\Foundation\\Application.php(938): Composer\\Autoload\\ClassLoader->loadClass('Namu\\\\WireChat\\\\W...')
#5 C:\\Users\\HP\\Herd\\david_heizt\\vendor\\laravel\\framework\\src\\Illuminate\\Foundation\\Application.php(870): Illuminate\\Foundation\\Application->resolveProvider('Namu\\\\WireChat\\\\W...')
#6 C:\\Users\\HP\\Herd\\david_heizt\\vendor\\laravel\\framework\\src\\Illuminate\\Foundation\\ProviderRepository.php(75): Illuminate\\Foundation\\Application->register('Namu\\\\WireChat\\\\W...')
#7 C:\\Users\\HP\\Herd\\david_heizt\\vendor\\laravel\\framework\\src\\Illuminate\\Foundation\\Application.php(848): Illuminate\\Foundation\\ProviderRepository->load(Array)
#8 C:\\Users\\HP\\Herd\\david_heizt\\vendor\\laravel\\framework\\src\\Illuminate\\Foundation\\Bootstrap\\RegisterProviders.php(37): Illuminate\\Foundation\\Application->registerConfiguredProviders()
#9 C:\\Users\\HP\\Herd\\david_heizt\\vendor\\laravel\\framework\\src\\Illuminate\\Foundation\\Application.php(319): Illuminate\\Foundation\\Bootstrap\\RegisterProviders->bootstrap(Object(Illuminate\\Foundation\\Application))
#10 C:\\Users\\HP\\Herd\\david_heizt\\vendor\\laravel\\framework\\src\\Illuminate\\Foundation\\Console\\Kernel.php(474): Illuminate\\Foundation\\Application->bootstrapWith(Array)
#11 C:\\Users\\HP\\Herd\\david_heizt\\vendor\\laravel\\framework\\src\\Illuminate\\Foundation\\Console\\Kernel.php(196): Illuminate\\Foundation\\Console\\Kernel->bootstrap()
#12 C:\\Users\\HP\\Herd\\david_heizt\\vendor\\laravel\\framework\\src\\Illuminate\\Foundation\\Application.php(1208): Illuminate\\Foundation\\Console\\Kernel->handle(Object(Symfony\\Component\\Console\\Input\\ArgvInput), Object(Symfony\\Component\\Console\\Output\\ConsoleOutput))
#13 C:\\Users\\HP\\Herd\\david_heizt\\artisan(13): Illuminate\\Foundation\\Application->handleCommand(Object(Symfony\\Component\\Console\\Input\\ArgvInput))
#14 {main}
"} 
[2025-08-06 14:20:09] local.ERROR: include(C:\Users\HP\Herd\david_heizt\vendor\composer/../namu/wirechat/src/WireChatServiceProvider.php): Failed to open stream: No such file or directory {"exception":"[object] (ErrorException(code: 0): include(C:\\Users\\HP\\Herd\\david_heizt\\vendor\\composer/../namu/wirechat/src/WireChatServiceProvider.php): Failed to open stream: No such file or directory at C:\\Users\\HP\\Herd\\david_heizt\\vendor\\composer\\ClassLoader.php:576)
[stacktrace]
#0 C:\\Users\\HP\\Herd\\david_heizt\\vendor\\laravel\\framework\\src\\Illuminate\\Foundation\\Bootstrap\\HandleExceptions.php(290): Illuminate\\Foundation\\Bootstrap\\HandleExceptions->handleError(2, 'include(C:\\\\User...', 'C:\\\\Users\\\\HP\\\\Her...', 576)
#1 C:\\Users\\HP\\Herd\\david_heizt\\vendor\\composer\\ClassLoader.php(576): Illuminate\\Foundation\\Bootstrap\\HandleExceptions->{closure:Illuminate\\Foundation\\Bootstrap\\HandleExceptions::forwardsTo():289}(2, 'include(C:\\\\User...', 'C:\\\\Users\\\\HP\\\\Her...', 576)
#2 C:\\Users\\HP\\Herd\\david_heizt\\vendor\\composer\\ClassLoader.php(576): include('C:\\\\Users\\\\HP\\\\Her...')
#3 C:\\Users\\HP\\Herd\\david_heizt\\vendor\\composer\\ClassLoader.php(427): {closure:Composer\\Autoload\\ClassLoader::initializeIncludeClosure():575}('C:\\\\Users\\\\HP\\\\Her...')
#4 C:\\Users\\HP\\Herd\\david_heizt\\vendor\\laravel\\framework\\src\\Illuminate\\Foundation\\Application.php(938): Composer\\Autoload\\ClassLoader->loadClass('Namu\\\\WireChat\\\\W...')
#5 C:\\Users\\HP\\Herd\\david_heizt\\vendor\\laravel\\framework\\src\\Illuminate\\Foundation\\Application.php(870): Illuminate\\Foundation\\Application->resolveProvider('Namu\\\\WireChat\\\\W...')
#6 C:\\Users\\HP\\Herd\\david_heizt\\vendor\\laravel\\framework\\src\\Illuminate\\Foundation\\ProviderRepository.php(75): Illuminate\\Foundation\\Application->register('Namu\\\\WireChat\\\\W...')
#7 C:\\Users\\HP\\Herd\\david_heizt\\vendor\\laravel\\framework\\src\\Illuminate\\Foundation\\Application.php(848): Illuminate\\Foundation\\ProviderRepository->load(Array)
#8 C:\\Users\\HP\\Herd\\david_heizt\\vendor\\laravel\\framework\\src\\Illuminate\\Foundation\\Bootstrap\\RegisterProviders.php(37): Illuminate\\Foundation\\Application->registerConfiguredProviders()
#9 C:\\Users\\HP\\Herd\\david_heizt\\vendor\\laravel\\framework\\src\\Illuminate\\Foundation\\Application.php(319): Illuminate\\Foundation\\Bootstrap\\RegisterProviders->bootstrap(Object(Illuminate\\Foundation\\Application))
#10 C:\\Users\\HP\\Herd\\david_heizt\\vendor\\laravel\\framework\\src\\Illuminate\\Foundation\\Console\\Kernel.php(474): Illuminate\\Foundation\\Application->bootstrapWith(Array)
#11 C:\\Users\\HP\\Herd\\david_heizt\\vendor\\laravel\\framework\\src\\Illuminate\\Foundation\\Console\\Kernel.php(196): Illuminate\\Foundation\\Console\\Kernel->bootstrap()
#12 C:\\Users\\HP\\Herd\\david_heizt\\vendor\\laravel\\framework\\src\\Illuminate\\Foundation\\Application.php(1208): Illuminate\\Foundation\\Console\\Kernel->handle(Object(Symfony\\Component\\Console\\Input\\ArgvInput), Object(Symfony\\Component\\Console\\Output\\ConsoleOutput))
#13 C:\\Users\\HP\\Herd\\david_heizt\\artisan(13): Illuminate\\Foundation\\Application->handleCommand(Object(Symfony\\Component\\Console\\Input\\ArgvInput))
#14 {main}
"} 
